  [1m[35m (338.6ms)[0m  [1m[35mCREATE DATABASE "ContactsApp_development" ENCODING = 'unicode'[0m
  ↳ /home/addison/.rvm/rubies/ruby-2.6.3/lib/ruby/gems/2.6.0/gems/rake-12.3.2/lib/rake/task.rb:273
  [1m[35m (260.5ms)[0m  [1m[35mCREATE DATABASE "ContactsApp_test" ENCODING = 'unicode'[0m
  ↳ /home/addison/.rvm/rubies/ruby-2.6.3/lib/ruby/gems/2.6.0/gems/rake-12.3.2/lib/rake/task.rb:273
  [1m[35m (23.6ms)[0m  [1m[35mCREATE TABLE "schema_migrations" ("version" character varying NOT NULL PRIMARY KEY)[0m
  ↳ /home/addison/.rvm/rubies/ruby-2.6.3/lib/ruby/gems/2.6.0/gems/rake-12.3.2/lib/rake/task.rb:273
  [1m[35m (13.1ms)[0m  [1m[35mCREATE TABLE "ar_internal_metadata" ("key" character varying NOT NULL PRIMARY KEY, "value" character varying, "created_at" timestamp NOT NULL, "updated_at" timestamp NOT NULL)[0m
  ↳ /home/addison/.rvm/rubies/ruby-2.6.3/lib/ruby/gems/2.6.0/gems/rake-12.3.2/lib/rake/task.rb:273
  [1m[35m (0.3ms)[0m  [1m[34mSELECT pg_try_advisory_lock(1932727433298065775)[0m
  ↳ /home/addison/.rvm/rubies/ruby-2.6.3/lib/ruby/gems/2.6.0/gems/rake-12.3.2/lib/rake/task.rb:273
  [1m[35m (1.9ms)[0m  [1m[34mSELECT "schema_migrations"."version" FROM "schema_migrations" ORDER BY "schema_migrations"."version" ASC[0m
  ↳ /home/addison/.rvm/rubies/ruby-2.6.3/lib/ruby/gems/2.6.0/gems/rake-12.3.2/lib/rake/task.rb:273
Migrating to CreateContacts (20190630022243)
  [1m[35m (0.4ms)[0m  [1m[35mBEGIN[0m
  ↳ /home/addison/.rvm/rubies/ruby-2.6.3/lib/ruby/gems/2.6.0/gems/rake-12.3.2/lib/rake/task.rb:273
  [1m[35m (9.0ms)[0m  [1m[35mCREATE TABLE "contacts" ("id" bigserial primary key, "first_name" character varying, "last_name" character varying, "phone_number" integer, "email" character varying, "created_at" timestamp NOT NULL, "updated_at" timestamp NOT NULL)[0m
  ↳ db/migrate/20190630022243_create_contacts.rb:3
  [1m[36mActiveRecord::SchemaMigration Create (0.7ms)[0m  [1m[32mINSERT INTO "schema_migrations" ("version") VALUES ($1) RETURNING "version"[0m  [["version", "20190630022243"]]
  ↳ /home/addison/.rvm/rubies/ruby-2.6.3/lib/ruby/gems/2.6.0/gems/rake-12.3.2/lib/rake/task.rb:273
  [1m[35m (2.4ms)[0m  [1m[35mCOMMIT[0m
  ↳ /home/addison/.rvm/rubies/ruby-2.6.3/lib/ruby/gems/2.6.0/gems/rake-12.3.2/lib/rake/task.rb:273
  [1m[36mActiveRecord::InternalMetadata Load (0.7ms)[0m  [1m[34mSELECT  "ar_internal_metadata".* FROM "ar_internal_metadata" WHERE "ar_internal_metadata"."key" = $1 LIMIT $2[0m  [["key", "environment"], ["LIMIT", 1]]
  ↳ /home/addison/.rvm/rubies/ruby-2.6.3/lib/ruby/gems/2.6.0/gems/rake-12.3.2/lib/rake/task.rb:273
  [1m[35m (1.0ms)[0m  [1m[35mBEGIN[0m
  ↳ /home/addison/.rvm/rubies/ruby-2.6.3/lib/ruby/gems/2.6.0/gems/rake-12.3.2/lib/rake/task.rb:273
  [1m[36mActiveRecord::InternalMetadata Create (1.0ms)[0m  [1m[32mINSERT INTO "ar_internal_metadata" ("key", "value", "created_at", "updated_at") VALUES ($1, $2, $3, $4) RETURNING "key"[0m  [["key", "environment"], ["value", "development"], ["created_at", "2019-06-30 02:42:17.387672"], ["updated_at", "2019-06-30 02:42:17.387672"]]
  ↳ /home/addison/.rvm/rubies/ruby-2.6.3/lib/ruby/gems/2.6.0/gems/rake-12.3.2/lib/rake/task.rb:273
  [1m[35m (5.2ms)[0m  [1m[35mCOMMIT[0m
  ↳ /home/addison/.rvm/rubies/ruby-2.6.3/lib/ruby/gems/2.6.0/gems/rake-12.3.2/lib/rake/task.rb:273
  [1m[35m (0.4ms)[0m  [1m[34mSELECT pg_advisory_unlock(1932727433298065775)[0m
  ↳ /home/addison/.rvm/rubies/ruby-2.6.3/lib/ruby/gems/2.6.0/gems/rake-12.3.2/lib/rake/task.rb:273
  [1m[35m (2.4ms)[0m  [1m[34mSELECT "schema_migrations"."version" FROM "schema_migrations" ORDER BY "schema_migrations"."version" ASC[0m
  ↳ /home/addison/.rvm/rubies/ruby-2.6.3/lib/ruby/gems/2.6.0/gems/rake-12.3.2/lib/rake/task.rb:273
  [1m[36mContact Load (1.0ms)[0m  [1m[34mSELECT  "contacts".* FROM "contacts" LIMIT $1[0m  [["LIMIT", 11]]
  [1m[36mContact Load (0.5ms)[0m  [1m[34mSELECT  "contacts".* FROM "contacts" LIMIT $1[0m  [["LIMIT", 11]]
  [1m[35m (0.3ms)[0m  [1m[35mBEGIN[0m
  [1m[36mContact Create (1.2ms)[0m  [1m[32mINSERT INTO "contacts" ("first_name", "last_name", "phone_number", "email", "created_at", "updated_at") VALUES ($1, $2, $3, $4, $5, $6) RETURNING "id"[0m  [["first_name", "addison"], ["last_name", "pohl"], ["phone_number", 12345678], ["email", "email@email.com"], ["created_at", "2019-06-30 02:47:22.889017"], ["updated_at", "2019-06-30 02:47:22.889017"]]
  [1m[35m (6.4ms)[0m  [1m[35mCOMMIT[0m
  [1m[36mContact Load (0.5ms)[0m  [1m[34mSELECT  "contacts".* FROM "contacts" LIMIT $1[0m  [["LIMIT", 11]]
  [1m[36mContact Load (0.3ms)[0m  [1m[34mSELECT  "contacts".* FROM "contacts" ORDER BY "contacts"."id" ASC LIMIT $1[0m  [["LIMIT", 1]]
  [1m[35m (0.3ms)[0m  [1m[35mBEGIN[0m
  [1m[36mContact Create (0.4ms)[0m  [1m[32mINSERT INTO "contacts" ("first_name", "last_name", "phone_number", "email", "created_at", "updated_at") VALUES ($1, $2, $3, $4, $5, $6) RETURNING "id"[0m  [["first_name", "brandon"], ["last_name", "evans"], ["phone_number", 23456789], ["email", "branflakes@hotmail.com"], ["created_at", "2019-06-30 02:52:33.125926"], ["updated_at", "2019-06-30 02:52:33.125926"]]
  [1m[35m (5.4ms)[0m  [1m[35mCOMMIT[0m
Started GET "/api/photos" for ::1 at 2019-06-29 23:07:20 -0500
  
SyntaxError (/home/addison/Documents/ContactsApp/ContactsApp/config/routes.rb:11: syntax error, unexpected end-of-input, expecting end):
  
config/routes.rb:11: syntax error, unexpected end-of-input, expecting end
Started GET "/api/contacts" for ::1 at 2019-06-29 23:07:36 -0500
  [1m[35m (0.9ms)[0m  [1m[34mSELECT "schema_migrations"."version" FROM "schema_migrations" ORDER BY "schema_migrations"."version" ASC[0m
  ↳ /home/addison/.rvm/gems/ruby-2.6.3/gems/activerecord-5.2.3/lib/active_record/log_subscriber.rb:98
  
ActionController::RoutingError (No route matches [GET] "/api/contacts"):
  
actionpack (5.2.3) lib/action_dispatch/middleware/debug_exceptions.rb:65:in `call'
web-console (3.7.0) lib/web_console/middleware.rb:135:in `call_app'
web-console (3.7.0) lib/web_console/middleware.rb:30:in `block in call'
web-console (3.7.0) lib/web_console/middleware.rb:20:in `catch'
web-console (3.7.0) lib/web_console/middleware.rb:20:in `call'
actionpack (5.2.3) lib/action_dispatch/middleware/show_exceptions.rb:33:in `call'
railties (5.2.3) lib/rails/rack/logger.rb:38:in `call_app'
railties (5.2.3) lib/rails/rack/logger.rb:26:in `block in call'
activesupport (5.2.3) lib/active_support/tagged_logging.rb:71:in `block in tagged'
activesupport (5.2.3) lib/active_support/tagged_logging.rb:28:in `tagged'
activesupport (5.2.3) lib/active_support/tagged_logging.rb:71:in `tagged'
railties (5.2.3) lib/rails/rack/logger.rb:26:in `call'
sprockets-rails (3.2.1) lib/sprockets/rails/quiet_assets.rb:13:in `call'
actionpack (5.2.3) lib/action_dispatch/middleware/remote_ip.rb:81:in `call'
actionpack (5.2.3) lib/action_dispatch/middleware/request_id.rb:27:in `call'
rack (2.0.7) lib/rack/method_override.rb:22:in `call'
rack (2.0.7) lib/rack/runtime.rb:22:in `call'
activesupport (5.2.3) lib/active_support/cache/strategy/local_cache_middleware.rb:29:in `call'
actionpack (5.2.3) lib/action_dispatch/middleware/executor.rb:14:in `call'
actionpack (5.2.3) lib/action_dispatch/middleware/static.rb:127:in `call'
rack (2.0.7) lib/rack/sendfile.rb:111:in `call'
railties (5.2.3) lib/rails/engine.rb:524:in `call'
puma (3.12.1) lib/puma/configuration.rb:227:in `call'
puma (3.12.1) lib/puma/server.rb:660:in `handle_request'
puma (3.12.1) lib/puma/server.rb:474:in `process_client'
puma (3.12.1) lib/puma/server.rb:334:in `block in run'
puma (3.12.1) lib/puma/thread_pool.rb:135:in `block in spawn_thread'
Started GET "/api/contacts" for ::1 at 2019-06-29 23:09:08 -0500
Processing by Api::ContactsController#index as HTML
Completed 500 Internal Server Error in 6ms (ActiveRecord: 0.0ms)


  
ActionView::MissingTemplate (Missing template api/contacts/index.json.jbuilder, application/index.json.jbuilder with {:locale=>[:en], :formats=>[:html], :variants=>[], :handlers=>[:raw, :erb, :html, :builder, :ruby, :jbuilder, :jb]}. Searched in:
  * "/home/addison/Documents/ContactsApp/ContactsApp/app/views"
):
  
app/controllers/api/contacts_controller.rb:5:in `index'
Started GET "/api/contacts" for ::1 at 2019-06-29 23:12:00 -0500
Processing by Api::ContactsController#index as HTML
  Rendering api/contacts/index.json.jbuilder
  [1m[36mContact Load (1.2ms)[0m  [1m[34mSELECT "contacts".* FROM "contacts"[0m
  ↳ app/views/api/contacts/index.json.jbuilder:1
  Rendered api/contacts/index.json.jbuilder (41.4ms)
Completed 200 OK in 48ms (Views: 33.4ms | ActiveRecord: 11.3ms)


Started GET "/api/contacts/1" for ::1 at 2019-06-29 23:21:23 -0500
Processing by Api::ContactsController#show as HTML
  Parameters: {"id"=>"1"}
  [1m[36mContact Load (2.8ms)[0m  [1m[34mSELECT  "contacts".* FROM "contacts" WHERE "contacts"."id" = $1 LIMIT $2[0m  [["id", 1], ["LIMIT", 1]]
  ↳ app/controllers/api/contacts_controller.rb:9
Completed 500 Internal Server Error in 44ms (ActiveRecord: 22.3ms)


  
ActionView::MissingTemplate (Missing template api/contacts/show.json.jbuilder, application/show.json.jbuilder with {:locale=>[:en], :formats=>[:html], :variants=>[], :handlers=>[:raw, :erb, :html, :builder, :ruby, :jbuilder, :jb]}. Searched in:
  * "/home/addison/Documents/ContactsApp/ContactsApp/app/views"
):
  
app/controllers/api/contacts_controller.rb:10:in `show'
Started GET "/api/contacts/1" for ::1 at 2019-06-29 23:22:19 -0500
Processing by Api::ContactsController#show as HTML
  Parameters: {"id"=>"1"}
  [1m[36mContact Load (0.4ms)[0m  [1m[34mSELECT  "contacts".* FROM "contacts" WHERE "contacts"."id" = $1 LIMIT $2[0m  [["id", 1], ["LIMIT", 1]]
  ↳ app/controllers/api/contacts_controller.rb:9
  Rendering api/contacts/show.json.jbuilder
  Rendered api/contacts/show.json.jbuilder (0.4ms)
Completed 200 OK in 3ms (Views: 1.6ms | ActiveRecord: 0.4ms)


Started GET "/api/contacts" for ::1 at 2019-06-30 13:11:17 -0500
  [1m[35m (0.9ms)[0m  [1m[34mSELECT "schema_migrations"."version" FROM "schema_migrations" ORDER BY "schema_migrations"."version" ASC[0m
  ↳ /home/addison/.rvm/gems/ruby-2.6.3/gems/activerecord-5.2.3/lib/active_record/log_subscriber.rb:98
Processing by Api::ContactsController#index as HTML
  Rendering api/contacts/index.json.jbuilder
  [1m[36mContact Load (0.8ms)[0m  [1m[34mSELECT "contacts".* FROM "contacts"[0m
  ↳ app/views/api/contacts/index.json.jbuilder:1
  Rendered api/contacts/index.json.jbuilder (44.0ms)
Completed 200 OK in 65ms (Views: 52.0ms | ActiveRecord: 8.0ms)


Started GET "/api/addison" for ::1 at 2019-06-30 13:11:24 -0500
  
ActionController::RoutingError (No route matches [GET] "/api/addison"):
  
actionpack (5.2.3) lib/action_dispatch/middleware/debug_exceptions.rb:65:in `call'
web-console (3.7.0) lib/web_console/middleware.rb:135:in `call_app'
web-console (3.7.0) lib/web_console/middleware.rb:30:in `block in call'
web-console (3.7.0) lib/web_console/middleware.rb:20:in `catch'
web-console (3.7.0) lib/web_console/middleware.rb:20:in `call'
actionpack (5.2.3) lib/action_dispatch/middleware/show_exceptions.rb:33:in `call'
railties (5.2.3) lib/rails/rack/logger.rb:38:in `call_app'
railties (5.2.3) lib/rails/rack/logger.rb:26:in `block in call'
activesupport (5.2.3) lib/active_support/tagged_logging.rb:71:in `block in tagged'
activesupport (5.2.3) lib/active_support/tagged_logging.rb:28:in `tagged'
activesupport (5.2.3) lib/active_support/tagged_logging.rb:71:in `tagged'
railties (5.2.3) lib/rails/rack/logger.rb:26:in `call'
sprockets-rails (3.2.1) lib/sprockets/rails/quiet_assets.rb:13:in `call'
actionpack (5.2.3) lib/action_dispatch/middleware/remote_ip.rb:81:in `call'
actionpack (5.2.3) lib/action_dispatch/middleware/request_id.rb:27:in `call'
rack (2.0.7) lib/rack/method_override.rb:22:in `call'
rack (2.0.7) lib/rack/runtime.rb:22:in `call'
activesupport (5.2.3) lib/active_support/cache/strategy/local_cache_middleware.rb:29:in `call'
actionpack (5.2.3) lib/action_dispatch/middleware/executor.rb:14:in `call'
actionpack (5.2.3) lib/action_dispatch/middleware/static.rb:127:in `call'
rack (2.0.7) lib/rack/sendfile.rb:111:in `call'
railties (5.2.3) lib/rails/engine.rb:524:in `call'
puma (3.12.1) lib/puma/configuration.rb:227:in `call'
puma (3.12.1) lib/puma/server.rb:660:in `handle_request'
puma (3.12.1) lib/puma/server.rb:474:in `process_client'
puma (3.12.1) lib/puma/server.rb:334:in `block in run'
puma (3.12.1) lib/puma/thread_pool.rb:135:in `block in spawn_thread'
Started GET "/rails/info/routes?path=/api/contacts" for ::1 at 2019-06-30 13:12:14 -0500
Processing by Rails::InfoController#routes as */*
  Parameters: {"path"=>"/api/contacts"}
Completed 200 OK in 1ms (Views: 0.2ms | ActiveRecord: 0.0ms)


Started GET "/rails/info/routes?path=/api/contacts/" for ::1 at 2019-06-30 13:12:18 -0500
Processing by Rails::InfoController#routes as */*
  Parameters: {"path"=>"/api/contacts/"}
Completed 200 OK in 2ms (Views: 0.5ms | ActiveRecord: 0.0ms)


Started GET "/rails/info/routes?path=/api/contacts/firs" for ::1 at 2019-06-30 13:12:20 -0500
Processing by Rails::InfoController#routes as */*
  Parameters: {"path"=>"/api/contacts/firs"}
Completed 200 OK in 1ms (Views: 0.2ms | ActiveRecord: 0.0ms)


Started GET "/rails/info/routes?path=/api/contacts/first" for ::1 at 2019-06-30 13:12:20 -0500
Processing by Rails::InfoController#routes as */*
  Parameters: {"path"=>"/api/contacts/first"}
Completed 200 OK in 2ms (Views: 0.5ms | ActiveRecord: 0.0ms)


Started GET "/rails/info/routes?path=/api/contacts/f" for ::1 at 2019-06-30 13:12:25 -0500
Processing by Rails::InfoController#routes as */*
  Parameters: {"path"=>"/api/contacts/f"}
Completed 200 OK in 2ms (Views: 0.5ms | ActiveRecord: 0.0ms)


Started GET "/rails/info/routes?path=/api/contacts/" for ::1 at 2019-06-30 13:12:25 -0500
Processing by Rails::InfoController#routes as */*
  Parameters: {"path"=>"/api/contacts/"}
Completed 200 OK in 4ms (Views: 0.7ms | ActiveRecord: 0.0ms)


Started GET "/rails/info/routes?path=/api/contacts/:f" for ::1 at 2019-06-30 13:12:26 -0500
Processing by Rails::InfoController#routes as */*
  Parameters: {"path"=>"/api/contacts/:f"}
Completed 200 OK in 2ms (Views: 0.5ms | ActiveRecord: 0.0ms)


Started GET "/rails/info/routes?path=/api/contacts/:first" for ::1 at 2019-06-30 13:12:26 -0500
Processing by Rails::InfoController#routes as */*
  Parameters: {"path"=>"/api/contacts/:first"}
Completed 200 OK in 2ms (Views: 0.5ms | ActiveRecord: 0.0ms)


Started GET "/rails/info/routes?path=/api/contacts/:first_" for ::1 at 2019-06-30 13:12:30 -0500
Processing by Rails::InfoController#routes as */*
  Parameters: {"path"=>"/api/contacts/:first_"}
Completed 200 OK in 2ms (Views: 0.5ms | ActiveRecord: 0.0ms)


Started GET "/rails/info/routes?path=/api/contacts/:first_name" for ::1 at 2019-06-30 13:12:31 -0500
Processing by Rails::InfoController#routes as */*
  Parameters: {"path"=>"/api/contacts/:first_name"}
Completed 200 OK in 2ms (Views: 0.5ms | ActiveRecord: 0.0ms)


Started GET "/rails/info/routes?path=/api/contacts/:first_name" for ::1 at 2019-06-30 13:12:32 -0500
Processing by Rails::InfoController#routes as */*
  Parameters: {"path"=>"/api/contacts/:first_name"}
Completed 200 OK in 2ms (Views: 0.5ms | ActiveRecord: 0.0ms)


Started GET "/rails/info/routes?path=/api/contacts/:" for ::1 at 2019-06-30 13:12:34 -0500
Processing by Rails::InfoController#routes as */*
  Parameters: {"path"=>"/api/contacts/:"}
Completed 200 OK in 2ms (Views: 0.5ms | ActiveRecord: 0.0ms)


Started GET "/rails/info/routes?path=/api/contacts/" for ::1 at 2019-06-30 13:12:35 -0500
Processing by Rails::InfoController#routes as */*
  Parameters: {"path"=>"/api/contacts/"}
Completed 200 OK in 2ms (Views: 0.5ms | ActiveRecord: 0.0ms)


Started GET "/rails/info/routes?path=/api/contacts/%22f" for ::1 at 2019-06-30 13:12:35 -0500
Processing by Rails::InfoController#routes as */*
  Parameters: {"path"=>"/api/contacts/\"f"}
Completed 200 OK in 2ms (Views: 0.5ms | ActiveRecord: 0.0ms)


Started GET "/rails/info/routes?path=/api/contacts/%22first" for ::1 at 2019-06-30 13:12:36 -0500
Processing by Rails::InfoController#routes as */*
  Parameters: {"path"=>"/api/contacts/\"first"}
Completed 200 OK in 2ms (Views: 0.5ms | ActiveRecord: 0.0ms)


Started GET "/rails/info/routes?path=/api/contacts/%22first_name" for ::1 at 2019-06-30 13:12:37 -0500
Processing by Rails::InfoController#routes as */*
  Parameters: {"path"=>"/api/contacts/\"first_name"}
Completed 200 OK in 2ms (Views: 0.5ms | ActiveRecord: 0.0ms)


Started GET "/rails/info/routes?path=/api/contacts/%22f" for ::1 at 2019-06-30 13:12:40 -0500
Processing by Rails::InfoController#routes as */*
  Parameters: {"path"=>"/api/contacts/\"f"}
Completed 200 OK in 1ms (Views: 0.2ms | ActiveRecord: 0.0ms)


Started GET "/rails/info/routes?path=/api/contacts/%22" for ::1 at 2019-06-30 13:12:41 -0500
Processing by Rails::InfoController#routes as */*
  Parameters: {"path"=>"/api/contacts/\""}
Completed 200 OK in 2ms (Views: 0.5ms | ActiveRecord: 0.0ms)


Started GET "/rails/info/routes?path=/api/contacts/" for ::1 at 2019-06-30 13:12:41 -0500
Processing by Rails::InfoController#routes as */*
  Parameters: {"path"=>"/api/contacts/"}
Completed 200 OK in 2ms (Views: 0.5ms | ActiveRecord: 0.0ms)


Started GET "/api/addison" for ::1 at 2019-06-30 13:13:16 -0500
  
ActionController::RoutingError (No route matches [GET] "/api/addison"):
  
actionpack (5.2.3) lib/action_dispatch/middleware/debug_exceptions.rb:65:in `call'
web-console (3.7.0) lib/web_console/middleware.rb:135:in `call_app'
web-console (3.7.0) lib/web_console/middleware.rb:30:in `block in call'
web-console (3.7.0) lib/web_console/middleware.rb:20:in `catch'
web-console (3.7.0) lib/web_console/middleware.rb:20:in `call'
actionpack (5.2.3) lib/action_dispatch/middleware/show_exceptions.rb:33:in `call'
railties (5.2.3) lib/rails/rack/logger.rb:38:in `call_app'
railties (5.2.3) lib/rails/rack/logger.rb:26:in `block in call'
activesupport (5.2.3) lib/active_support/tagged_logging.rb:71:in `block in tagged'
activesupport (5.2.3) lib/active_support/tagged_logging.rb:28:in `tagged'
activesupport (5.2.3) lib/active_support/tagged_logging.rb:71:in `tagged'
railties (5.2.3) lib/rails/rack/logger.rb:26:in `call'
sprockets-rails (3.2.1) lib/sprockets/rails/quiet_assets.rb:13:in `call'
actionpack (5.2.3) lib/action_dispatch/middleware/remote_ip.rb:81:in `call'
actionpack (5.2.3) lib/action_dispatch/middleware/request_id.rb:27:in `call'
rack (2.0.7) lib/rack/method_override.rb:22:in `call'
rack (2.0.7) lib/rack/runtime.rb:22:in `call'
activesupport (5.2.3) lib/active_support/cache/strategy/local_cache_middleware.rb:29:in `call'
actionpack (5.2.3) lib/action_dispatch/middleware/executor.rb:14:in `call'
actionpack (5.2.3) lib/action_dispatch/middleware/static.rb:127:in `call'
rack (2.0.7) lib/rack/sendfile.rb:111:in `call'
railties (5.2.3) lib/rails/engine.rb:524:in `call'
puma (3.12.1) lib/puma/configuration.rb:227:in `call'
puma (3.12.1) lib/puma/server.rb:660:in `handle_request'
puma (3.12.1) lib/puma/server.rb:474:in `process_client'
puma (3.12.1) lib/puma/server.rb:334:in `block in run'
puma (3.12.1) lib/puma/thread_pool.rb:135:in `block in spawn_thread'
Started GET "/api/contacts" for ::1 at 2019-06-30 13:14:25 -0500
Processing by Api::ContactsController#index as HTML
  Rendering api/contacts/index.json.jbuilder
  [1m[36mContact Load (0.5ms)[0m  [1m[34mSELECT "contacts".* FROM "contacts"[0m
  ↳ app/views/api/contacts/index.json.jbuilder:1
  Rendered api/contacts/index.json.jbuilder (22.4ms)
Completed 200 OK in 29ms (Views: 16.5ms | ActiveRecord: 9.3ms)


Started GET "/api/contacts/addison" for ::1 at 2019-06-30 13:14:35 -0500
Processing by Api::ContactsController#show as HTML
  Parameters: {"id"=>"addison"}
  [1m[36mContact Load (0.5ms)[0m  [1m[34mSELECT  "contacts".* FROM "contacts" WHERE "contacts"."id" = $1 LIMIT $2[0m  [["id", 0], ["LIMIT", 1]]
  ↳ app/controllers/api/contacts_controller.rb:9
  Rendering api/contacts/show.json.jbuilder
  Rendered api/contacts/show.json.jbuilder (3.0ms)
Completed 500 Internal Server Error in 11ms (ActiveRecord: 0.9ms)


  
ActionView::Template::Error (undefined method `id' for nil:NilClass):
    1: 
    2: json.id @contact.id
    3: json.first_name @contact.first_name
    4: json.last_name @contact.last_name
    5: json.phone_number @contact.phone_number
  
app/views/api/contacts/show.json.jbuilder:2:in `_app_views_api_contacts_show_json_jbuilder___2045426729128868869_70345491167620'
app/controllers/api/contacts_controller.rb:10:in `show'
Started GET "/api/contacts/addison" for ::1 at 2019-06-30 13:15:32 -0500
Processing by Api::ContactsController#show as HTML
  Parameters: {"id"=>"addison"}
  [1m[36mContact Load (0.5ms)[0m  [1m[34mSELECT  "contacts".* FROM "contacts" WHERE "contacts"."id" = $1 LIMIT $2[0m  [["id", 0], ["LIMIT", 1]]
  ↳ app/controllers/api/contacts_controller.rb:9
  Rendering api/contacts/show.json.jbuilder
  Rendered api/contacts/show.json.jbuilder (3.6ms)
Completed 500 Internal Server Error in 16ms (ActiveRecord: 2.8ms)


  
ActionView::Template::Error (undefined method `id' for nil:NilClass):
    1: 
    2: json.id @contact.id
    3: json.first_name @contact.first_name
    4: json.last_name @contact.last_name
    5: json.phone_number @contact.phone_number
  
app/views/api/contacts/show.json.jbuilder:2:in `_app_views_api_contacts_show_json_jbuilder___2045426729128868869_70345458599940'
app/controllers/api/contacts_controller.rb:10:in `show'
Started GET "/api/contacts/addison" for ::1 at 2019-06-30 13:16:16 -0500
Processing by Api::ContactsController#show as HTML
  Parameters: {"id"=>"addison"}
  [1m[36mContact Load (0.4ms)[0m  [1m[34mSELECT  "contacts".* FROM "contacts" WHERE "contacts"."id" = $1 LIMIT $2[0m  [["id", 0], ["LIMIT", 1]]
  ↳ app/controllers/api/contacts_controller.rb:9
  Rendering api/contacts/show.json.jbuilder
  Rendered api/contacts/show.json.jbuilder (1.8ms)
Completed 500 Internal Server Error in 11ms (ActiveRecord: 2.2ms)


  
ActionView::Template::Error (undefined method `id' for nil:NilClass):
    1: 
    2: json.id @contact.id
    3: json.first_name @contact.first_name
    4: json.last_name @contact.last_name
    5: json.phone_number @contact.phone_number
  
app/views/api/contacts/show.json.jbuilder:2:in `_app_views_api_contacts_show_json_jbuilder___2045426729128868869_70345358410020'
app/controllers/api/contacts_controller.rb:10:in `show'
Started GET "/api/contacts/addison" for ::1 at 2019-06-30 13:16:21 -0500
Processing by Api::ContactsController#show as HTML
  Parameters: {"id"=>"addison"}
  [1m[36mContact Load (0.8ms)[0m  [1m[34mSELECT  "contacts".* FROM "contacts" WHERE "contacts"."id" = $1 LIMIT $2[0m  [["id", 0], ["LIMIT", 1]]
  ↳ app/controllers/api/contacts_controller.rb:9
  Rendering api/contacts/show.json.jbuilder
  Rendered api/contacts/show.json.jbuilder (2.9ms)
Completed 500 Internal Server Error in 8ms (ActiveRecord: 0.8ms)


  
ActionView::Template::Error (undefined method `id' for nil:NilClass):
    1: 
    2: json.id @contact.id
    3: json.first_name @contact.first_name
    4: json.last_name @contact.last_name
    5: json.phone_number @contact.phone_number
  
app/views/api/contacts/show.json.jbuilder:2:in `_app_views_api_contacts_show_json_jbuilder___2045426729128868869_70345524595440'
app/controllers/api/contacts_controller.rb:10:in `show'
Started GET "/api/contacts" for ::1 at 2019-06-30 13:18:27 -0500
Processing by Api::ContactsController#index as HTML
  Rendering api/contacts/index.json.jbuilder
  [1m[36mContact Load (0.4ms)[0m  [1m[34mSELECT "contacts".* FROM "contacts"[0m
  ↳ app/views/api/contacts/index.json.jbuilder:1
  Rendered api/contacts/index.json.jbuilder (15.6ms)
Completed 200 OK in 19ms (Views: 10.5ms | ActiveRecord: 6.7ms)


Started GET "/api/contacts/1" for ::1 at 2019-06-30 13:18:33 -0500
Processing by Api::ContactsController#show as HTML
  Parameters: {"id"=>"1"}
  [1m[36mContact Load (0.6ms)[0m  [1m[34mSELECT  "contacts".* FROM "contacts" WHERE "contacts"."id" = $1 LIMIT $2[0m  [["id", 1], ["LIMIT", 1]]
  ↳ app/controllers/api/contacts_controller.rb:9
  Rendering api/contacts/show.json.jbuilder
  Rendered api/contacts/show.json.jbuilder (0.5ms)
Completed 200 OK in 5ms (Views: 2.8ms | ActiveRecord: 0.6ms)


Started GET "/api/contacts/firstname" for ::1 at 2019-06-30 13:18:45 -0500
Processing by Api::ContactsController#show as HTML
  Parameters: {"id"=>"firstname"}
  [1m[36mContact Load (0.7ms)[0m  [1m[34mSELECT  "contacts".* FROM "contacts" WHERE "contacts"."id" = $1 LIMIT $2[0m  [["id", 0], ["LIMIT", 1]]
  ↳ app/controllers/api/contacts_controller.rb:9
  Rendering api/contacts/show.json.jbuilder
  Rendered api/contacts/show.json.jbuilder (2.3ms)
Completed 500 Internal Server Error in 7ms (ActiveRecord: 0.7ms)


  
ActionView::Template::Error (undefined method `id' for nil:NilClass):
    1: 
    2: json.id @contact.id
    3: json.first_name @contact.first_name
    4: json.last_name @contact.last_name
    5: json.phone_number @contact.phone_number
  
app/views/api/contacts/show.json.jbuilder:2:in `_app_views_api_contacts_show_json_jbuilder___2045426729128868869_70345524598940'
app/controllers/api/contacts_controller.rb:10:in `show'
Started GET "/api/contacts" for ::1 at 2019-06-30 19:19:10 -0500
  [1m[35m (0.8ms)[0m  [1m[34mSELECT "schema_migrations"."version" FROM "schema_migrations" ORDER BY "schema_migrations"."version" ASC[0m
  ↳ /home/addison/.rvm/gems/ruby-2.6.3/gems/activerecord-5.2.3/lib/active_record/log_subscriber.rb:98
Processing by Api::ContactsController#index as HTML
  Rendering api/contacts/index.json.jbuilder
  [1m[36mContact Load (0.7ms)[0m  [1m[34mSELECT "contacts".* FROM "contacts"[0m
  ↳ app/views/api/contacts/index.json.jbuilder:1
  Rendered api/contacts/index.json.jbuilder (32.5ms)
Completed 200 OK in 43ms (Views: 31.9ms | ActiveRecord: 5.7ms)


Started GET "/api/" for ::1 at 2019-06-30 19:19:17 -0500
  
ActionController::RoutingError (No route matches [GET] "/api"):
  
actionpack (5.2.3) lib/action_dispatch/middleware/debug_exceptions.rb:65:in `call'
web-console (3.7.0) lib/web_console/middleware.rb:135:in `call_app'
web-console (3.7.0) lib/web_console/middleware.rb:30:in `block in call'
web-console (3.7.0) lib/web_console/middleware.rb:20:in `catch'
web-console (3.7.0) lib/web_console/middleware.rb:20:in `call'
actionpack (5.2.3) lib/action_dispatch/middleware/show_exceptions.rb:33:in `call'
railties (5.2.3) lib/rails/rack/logger.rb:38:in `call_app'
railties (5.2.3) lib/rails/rack/logger.rb:26:in `block in call'
activesupport (5.2.3) lib/active_support/tagged_logging.rb:71:in `block in tagged'
activesupport (5.2.3) lib/active_support/tagged_logging.rb:28:in `tagged'
activesupport (5.2.3) lib/active_support/tagged_logging.rb:71:in `tagged'
railties (5.2.3) lib/rails/rack/logger.rb:26:in `call'
sprockets-rails (3.2.1) lib/sprockets/rails/quiet_assets.rb:13:in `call'
actionpack (5.2.3) lib/action_dispatch/middleware/remote_ip.rb:81:in `call'
actionpack (5.2.3) lib/action_dispatch/middleware/request_id.rb:27:in `call'
rack (2.0.7) lib/rack/method_override.rb:22:in `call'
rack (2.0.7) lib/rack/runtime.rb:22:in `call'
activesupport (5.2.3) lib/active_support/cache/strategy/local_cache_middleware.rb:29:in `call'
actionpack (5.2.3) lib/action_dispatch/middleware/executor.rb:14:in `call'
actionpack (5.2.3) lib/action_dispatch/middleware/static.rb:127:in `call'
rack (2.0.7) lib/rack/sendfile.rb:111:in `call'
railties (5.2.3) lib/rails/engine.rb:524:in `call'
puma (3.12.1) lib/puma/configuration.rb:227:in `call'
puma (3.12.1) lib/puma/server.rb:660:in `handle_request'
puma (3.12.1) lib/puma/server.rb:474:in `process_client'
puma (3.12.1) lib/puma/server.rb:334:in `block in run'
puma (3.12.1) lib/puma/thread_pool.rb:135:in `block in spawn_thread'
Started GET "/api/1" for ::1 at 2019-06-30 19:19:21 -0500
  
ActionController::RoutingError (No route matches [GET] "/api/1"):
  
actionpack (5.2.3) lib/action_dispatch/middleware/debug_exceptions.rb:65:in `call'
web-console (3.7.0) lib/web_console/middleware.rb:135:in `call_app'
web-console (3.7.0) lib/web_console/middleware.rb:30:in `block in call'
web-console (3.7.0) lib/web_console/middleware.rb:20:in `catch'
web-console (3.7.0) lib/web_console/middleware.rb:20:in `call'
actionpack (5.2.3) lib/action_dispatch/middleware/show_exceptions.rb:33:in `call'
railties (5.2.3) lib/rails/rack/logger.rb:38:in `call_app'
railties (5.2.3) lib/rails/rack/logger.rb:26:in `block in call'
activesupport (5.2.3) lib/active_support/tagged_logging.rb:71:in `block in tagged'
activesupport (5.2.3) lib/active_support/tagged_logging.rb:28:in `tagged'
activesupport (5.2.3) lib/active_support/tagged_logging.rb:71:in `tagged'
railties (5.2.3) lib/rails/rack/logger.rb:26:in `call'
sprockets-rails (3.2.1) lib/sprockets/rails/quiet_assets.rb:13:in `call'
actionpack (5.2.3) lib/action_dispatch/middleware/remote_ip.rb:81:in `call'
actionpack (5.2.3) lib/action_dispatch/middleware/request_id.rb:27:in `call'
rack (2.0.7) lib/rack/method_override.rb:22:in `call'
rack (2.0.7) lib/rack/runtime.rb:22:in `call'
activesupport (5.2.3) lib/active_support/cache/strategy/local_cache_middleware.rb:29:in `call'
actionpack (5.2.3) lib/action_dispatch/middleware/executor.rb:14:in `call'
actionpack (5.2.3) lib/action_dispatch/middleware/static.rb:127:in `call'
rack (2.0.7) lib/rack/sendfile.rb:111:in `call'
railties (5.2.3) lib/rails/engine.rb:524:in `call'
puma (3.12.1) lib/puma/configuration.rb:227:in `call'
puma (3.12.1) lib/puma/server.rb:660:in `handle_request'
puma (3.12.1) lib/puma/server.rb:474:in `process_client'
puma (3.12.1) lib/puma/server.rb:334:in `block in run'
puma (3.12.1) lib/puma/thread_pool.rb:135:in `block in spawn_thread'
Started GET "/api/contacts" for ::1 at 2019-06-30 19:19:28 -0500
Processing by Api::ContactsController#index as HTML
  Rendering api/contacts/index.json.jbuilder
  [1m[36mContact Load (0.5ms)[0m  [1m[34mSELECT "contacts".* FROM "contacts"[0m
  ↳ app/views/api/contacts/index.json.jbuilder:1
  Rendered api/contacts/index.json.jbuilder (2.1ms)
Completed 200 OK in 4ms (Views: 3.1ms | ActiveRecord: 0.5ms)


  [1m[36mContact Load (2.6ms)[0m  [1m[34mSELECT  "contacts".* FROM "contacts" LIMIT $1[0m  [["LIMIT", 11]]
Started GET "/api/contacts" for ::1 at 2019-07-10 21:37:25 -0500
  [1m[35m (3.4ms)[0m  [1m[34mSELECT "schema_migrations"."version" FROM "schema_migrations" ORDER BY "schema_migrations"."version" ASC[0m
  ↳ /home/addison/.rvm/gems/ruby-2.6.3/gems/activerecord-5.2.3/lib/active_record/log_subscriber.rb:98
Processing by Api::ContactsController#index as HTML
  Rendering api/contacts/index.json.jbuilder
  [1m[36mContact Load (2.8ms)[0m  [1m[34mSELECT "contacts".* FROM "contacts"[0m
  ↳ app/views/api/contacts/index.json.jbuilder:1
  Rendered api/contacts/index.json.jbuilder (35.6ms)
Completed 200 OK in 42ms (Views: 25.5ms | ActiveRecord: 14.4ms)


Started GET "/api/contacts" for ::1 at 2019-07-10 21:38:14 -0500
  
SyntaxError (/home/addison/Documents/ContactsApp/ContactsApp/app/controllers/api/contacts_controller.rb:22: syntax error, unexpected end-of-input, expecting end):
  
app/controllers/api/contacts_controller.rb:22: syntax error, unexpected end-of-input, expecting end
Started GET "/api/contacts" for ::1 at 2019-07-10 21:41:45 -0500
Processing by Api::ContactsController#index as */*
  Rendering api/contacts/index.json.jbuilder
  [1m[36mContact Load (0.7ms)[0m  [1m[34mSELECT "contacts".* FROM "contacts"[0m
  ↳ app/views/api/contacts/index.json.jbuilder:1
  Rendered api/contacts/index.json.jbuilder (22.2ms)
Completed 200 OK in 35ms (Views: 24.3ms | ActiveRecord: 7.4ms)


Started GET "/api/contacts/" for ::1 at 2019-07-10 21:43:53 -0500
Processing by Api::ContactsController#index as */*
  Rendering api/contacts/index.json.jbuilder
  [1m[36mContact Load (2.0ms)[0m  [1m[34mSELECT "contacts".* FROM "contacts"[0m
  ↳ app/views/api/contacts/index.json.jbuilder:1
  Rendered api/contacts/index.json.jbuilder (3.9ms)
Completed 200 OK in 11ms (Views: 8.2ms | ActiveRecord: 2.0ms)


Started GET "/api/contacts/1" for ::1 at 2019-07-10 21:43:59 -0500
Processing by Api::ContactsController#show as */*
  Parameters: {"id"=>"1"}
  [1m[36mContact Load (0.6ms)[0m  [1m[34mSELECT  "contacts".* FROM "contacts" WHERE "contacts"."id" = $1 LIMIT $2[0m  [["id", 1], ["LIMIT", 1]]
  ↳ app/controllers/api/contacts_controller.rb:19
  Rendering api/contacts/show.json.jbuilder
  Rendered api/contacts/show.json.jbuilder (1.0ms)
Completed 200 OK in 26ms (Views: 11.9ms | ActiveRecord: 0.9ms)


Started POST "/api/contacts?first_name=Bob&last_name=Stevens&phone_number=4342123432&email=bob@bobs.com" for ::1 at 2019-07-10 21:47:26 -0500
Processing by Api::ContactsController#create as */*
  Parameters: {"first_name"=>"Bob", "last_name"=>"Stevens", "phone_number"=>"4342123432", "email"=>"bob@bobs.com"}
Can't verify CSRF token authenticity.
  [1m[35m (0.3ms)[0m  [1m[35mBEGIN[0m
  ↳ app/controllers/api/contacts_controller.rb:9
  [1m[35m (1.4ms)[0m  [1m[31mROLLBACK[0m
  ↳ app/controllers/api/contacts_controller.rb:9
Completed 500 Internal Server Error in 5ms (ActiveRecord: 1.7ms)


  
ActiveModel::RangeError (4342123432 is out of range for ActiveModel::Type::Integer with limit 4 bytes):
  
app/controllers/api/contacts_controller.rb:9:in `create'
Started POST "/api/contacts?first_name=Bob&last_name=Stevens&phone_number=2545556543&email=bob@bobs.com" for ::1 at 2019-07-10 21:48:52 -0500
Processing by Api::ContactsController#create as */*
  Parameters: {"first_name"=>"Bob", "last_name"=>"Stevens", "phone_number"=>"2545556543", "email"=>"bob@bobs.com"}
Can't verify CSRF token authenticity.
  [1m[35m (0.3ms)[0m  [1m[35mBEGIN[0m
  ↳ app/controllers/api/contacts_controller.rb:9
  [1m[35m (0.5ms)[0m  [1m[31mROLLBACK[0m
  ↳ app/controllers/api/contacts_controller.rb:9
Completed 500 Internal Server Error in 4ms (ActiveRecord: 0.8ms)


  
ActiveModel::RangeError (2545556543 is out of range for ActiveModel::Type::Integer with limit 4 bytes):
  
app/controllers/api/contacts_controller.rb:9:in `create'
Started POST "/api/contacts?first_name=Bob&last_name=Stevens&phone_number=1&email=bob@bobs.com" for ::1 at 2019-07-10 21:49:26 -0500
Processing by Api::ContactsController#create as */*
  Parameters: {"first_name"=>"Bob", "last_name"=>"Stevens", "phone_number"=>"1", "email"=>"bob@bobs.com"}
Can't verify CSRF token authenticity.
  [1m[35m (0.2ms)[0m  [1m[35mBEGIN[0m
  ↳ app/controllers/api/contacts_controller.rb:9
  [1m[36mContact Create (1.4ms)[0m  [1m[32mINSERT INTO "contacts" ("first_name", "last_name", "phone_number", "email", "created_at", "updated_at") VALUES ($1, $2, $3, $4, $5, $6) RETURNING "id"[0m  [["first_name", "Bob"], ["last_name", "Stevens"], ["phone_number", 1], ["email", "bob@bobs.com"], ["created_at", "2019-07-11 02:49:26.427070"], ["updated_at", "2019-07-11 02:49:26.427070"]]
  ↳ app/controllers/api/contacts_controller.rb:9
  [1m[35m (2.1ms)[0m  [1m[35mCOMMIT[0m
  ↳ app/controllers/api/contacts_controller.rb:9
  Rendering api/contacts/show.json.jbuilder
  Rendered api/contacts/show.json.jbuilder (3.6ms)
Completed 200 OK in 20ms (Views: 13.1ms | ActiveRecord: 3.7ms)


Started GET "/api/contacts" for ::1 at 2019-07-10 21:50:11 -0500
Processing by Api::ContactsController#index as HTML
  Rendering api/contacts/index.json.jbuilder
  [1m[36mContact Load (0.4ms)[0m  [1m[34mSELECT "contacts".* FROM "contacts"[0m
  ↳ app/views/api/contacts/index.json.jbuilder:1
  Rendered api/contacts/index.json.jbuilder (1.6ms)
Completed 200 OK in 3ms (Views: 2.5ms | ActiveRecord: 0.4ms)


  [1m[35m (0.2ms)[0m  [1m[34mSELECT pg_try_advisory_lock(1932727433298065775)[0m
  ↳ /home/addison/.rvm/rubies/ruby-2.6.3/lib/ruby/gems/2.6.0/gems/rake-12.3.2/lib/rake/task.rb:273
  [1m[35m (40.9ms)[0m  [1m[34mSELECT "schema_migrations"."version" FROM "schema_migrations" ORDER BY "schema_migrations"."version" ASC[0m
  ↳ /home/addison/.rvm/rubies/ruby-2.6.3/lib/ruby/gems/2.6.0/gems/rake-12.3.2/lib/rake/task.rb:273
Migrating to ChangeIntegerLimitInYourTable (20190711025128)
  [1m[35m (0.5ms)[0m  [1m[35mBEGIN[0m
  ↳ /home/addison/.rvm/rubies/ruby-2.6.3/lib/ruby/gems/2.6.0/gems/rake-12.3.2/lib/rake/task.rb:273
  [1m[35m (2.9ms)[0m  [1m[35mALTER TABLE "your_table" ALTER COLUMN "your_column" TYPE bigint[0m
  ↳ db/migrate/20190711025128_change_integer_limit_in_your_table.rb:3
  [1m[35m (0.5ms)[0m  [1m[31mROLLBACK[0m
  ↳ /home/addison/.rvm/rubies/ruby-2.6.3/lib/ruby/gems/2.6.0/gems/rake-12.3.2/lib/rake/task.rb:273
  [1m[35m (0.7ms)[0m  [1m[34mSELECT pg_advisory_unlock(1932727433298065775)[0m
  ↳ /home/addison/.rvm/rubies/ruby-2.6.3/lib/ruby/gems/2.6.0/gems/rake-12.3.2/lib/rake/task.rb:273
  [1m[35m (0.2ms)[0m  [1m[34mSELECT pg_try_advisory_lock(1932727433298065775)[0m
  ↳ /home/addison/.rvm/rubies/ruby-2.6.3/lib/ruby/gems/2.6.0/gems/rake-12.3.2/lib/rake/task.rb:273
  [1m[35m (2.0ms)[0m  [1m[34mSELECT "schema_migrations"."version" FROM "schema_migrations" ORDER BY "schema_migrations"."version" ASC[0m
  ↳ /home/addison/.rvm/rubies/ruby-2.6.3/lib/ruby/gems/2.6.0/gems/rake-12.3.2/lib/rake/task.rb:273
Migrating to ChangeIntegerLimitInYourTable (20190711025128)
  [1m[35m (0.3ms)[0m  [1m[35mBEGIN[0m
  ↳ /home/addison/.rvm/rubies/ruby-2.6.3/lib/ruby/gems/2.6.0/gems/rake-12.3.2/lib/rake/task.rb:273
  [1m[35m (25.1ms)[0m  [1m[35mALTER TABLE "contacts" ALTER COLUMN "phone_number" TYPE bigint[0m
  ↳ db/migrate/20190711025128_change_integer_limit_in_your_table.rb:3
  [1m[36mActiveRecord::SchemaMigration Create (0.6ms)[0m  [1m[32mINSERT INTO "schema_migrations" ("version") VALUES ($1) RETURNING "version"[0m  [["version", "20190711025128"]]
  ↳ /home/addison/.rvm/rubies/ruby-2.6.3/lib/ruby/gems/2.6.0/gems/rake-12.3.2/lib/rake/task.rb:273
  [1m[35m (7.2ms)[0m  [1m[35mCOMMIT[0m
  ↳ /home/addison/.rvm/rubies/ruby-2.6.3/lib/ruby/gems/2.6.0/gems/rake-12.3.2/lib/rake/task.rb:273
  [1m[36mActiveRecord::InternalMetadata Load (2.7ms)[0m  [1m[34mSELECT  "ar_internal_metadata".* FROM "ar_internal_metadata" WHERE "ar_internal_metadata"."key" = $1 LIMIT $2[0m  [["key", "environment"], ["LIMIT", 1]]
  ↳ /home/addison/.rvm/rubies/ruby-2.6.3/lib/ruby/gems/2.6.0/gems/rake-12.3.2/lib/rake/task.rb:273
  [1m[35m (0.3ms)[0m  [1m[35mBEGIN[0m
  ↳ /home/addison/.rvm/rubies/ruby-2.6.3/lib/ruby/gems/2.6.0/gems/rake-12.3.2/lib/rake/task.rb:273
  [1m[35m (0.4ms)[0m  [1m[35mCOMMIT[0m
  ↳ /home/addison/.rvm/rubies/ruby-2.6.3/lib/ruby/gems/2.6.0/gems/rake-12.3.2/lib/rake/task.rb:273
  [1m[35m (0.3ms)[0m  [1m[34mSELECT pg_advisory_unlock(1932727433298065775)[0m
  ↳ /home/addison/.rvm/rubies/ruby-2.6.3/lib/ruby/gems/2.6.0/gems/rake-12.3.2/lib/rake/task.rb:273
  [1m[35m (0.6ms)[0m  [1m[34mSELECT "schema_migrations"."version" FROM "schema_migrations" ORDER BY "schema_migrations"."version" ASC[0m
  ↳ /home/addison/.rvm/rubies/ruby-2.6.3/lib/ruby/gems/2.6.0/gems/rake-12.3.2/lib/rake/task.rb:273
Started POST "/api/contacts?first_name=Mac&last_name=Demarco&phone_number=12345678&email=md@gmail.com" for ::1 at 2019-07-10 21:56:20 -0500
  [1m[35m (3.4ms)[0m  [1m[34mSELECT "schema_migrations"."version" FROM "schema_migrations" ORDER BY "schema_migrations"."version" ASC[0m
  ↳ /home/addison/.rvm/gems/ruby-2.6.3/gems/activerecord-5.2.3/lib/active_record/log_subscriber.rb:98
Processing by Api::ContactsController#create as */*
  Parameters: {"first_name"=>"Mac", "last_name"=>"Demarco", "phone_number"=>"12345678", "email"=>"md@gmail.com"}
Can't verify CSRF token authenticity.
  [1m[35m (0.2ms)[0m  [1m[35mBEGIN[0m
  ↳ app/controllers/api/contacts_controller.rb:9
  [1m[36mContact Create (0.7ms)[0m  [1m[32mINSERT INTO "contacts" ("first_name", "last_name", "phone_number", "email", "created_at", "updated_at") VALUES ($1, $2, $3, $4, $5, $6) RETURNING "id"[0m  [["first_name", "Mac"], ["last_name", "Demarco"], ["phone_number", 12345678], ["email", "md@gmail.com"], ["created_at", "2019-07-11 02:56:20.616334"], ["updated_at", "2019-07-11 02:56:20.616334"]]
  ↳ app/controllers/api/contacts_controller.rb:9
  [1m[35m (3.7ms)[0m  [1m[35mCOMMIT[0m
  ↳ app/controllers/api/contacts_controller.rb:9
  Rendering api/contacts/show.json.jbuilder
  Rendered api/contacts/show.json.jbuilder (1.1ms)
Completed 200 OK in 54ms (Views: 11.6ms | ActiveRecord: 13.3ms)


Started PUT "/api/contacts/?first_name=Bran&last_name=Bob&phone_number=6665554444&email=branflakes@gmail.com" for ::1 at 2019-07-12 22:33:23 -0500
  [1m[35m (0.9ms)[0m  [1m[34mSELECT "schema_migrations"."version" FROM "schema_migrations" ORDER BY "schema_migrations"."version" ASC[0m
  ↳ /home/addison/.rvm/gems/ruby-2.6.3/gems/activerecord-5.2.3/lib/active_record/log_subscriber.rb:98
  
ActionController::RoutingError (No route matches [PUT] "/api/contacts"):
  
actionpack (5.2.3) lib/action_dispatch/middleware/debug_exceptions.rb:65:in `call'
web-console (3.7.0) lib/web_console/middleware.rb:135:in `call_app'
web-console (3.7.0) lib/web_console/middleware.rb:30:in `block in call'
web-console (3.7.0) lib/web_console/middleware.rb:20:in `catch'
web-console (3.7.0) lib/web_console/middleware.rb:20:in `call'
actionpack (5.2.3) lib/action_dispatch/middleware/show_exceptions.rb:33:in `call'
railties (5.2.3) lib/rails/rack/logger.rb:38:in `call_app'
railties (5.2.3) lib/rails/rack/logger.rb:26:in `block in call'
activesupport (5.2.3) lib/active_support/tagged_logging.rb:71:in `block in tagged'
activesupport (5.2.3) lib/active_support/tagged_logging.rb:28:in `tagged'
activesupport (5.2.3) lib/active_support/tagged_logging.rb:71:in `tagged'
railties (5.2.3) lib/rails/rack/logger.rb:26:in `call'
sprockets-rails (3.2.1) lib/sprockets/rails/quiet_assets.rb:13:in `call'
actionpack (5.2.3) lib/action_dispatch/middleware/remote_ip.rb:81:in `call'
actionpack (5.2.3) lib/action_dispatch/middleware/request_id.rb:27:in `call'
rack (2.0.7) lib/rack/method_override.rb:22:in `call'
rack (2.0.7) lib/rack/runtime.rb:22:in `call'
activesupport (5.2.3) lib/active_support/cache/strategy/local_cache_middleware.rb:29:in `call'
actionpack (5.2.3) lib/action_dispatch/middleware/executor.rb:14:in `call'
actionpack (5.2.3) lib/action_dispatch/middleware/static.rb:127:in `call'
rack (2.0.7) lib/rack/sendfile.rb:111:in `call'
railties (5.2.3) lib/rails/engine.rb:524:in `call'
puma (3.12.1) lib/puma/configuration.rb:227:in `call'
puma (3.12.1) lib/puma/server.rb:660:in `handle_request'
puma (3.12.1) lib/puma/server.rb:474:in `process_client'
puma (3.12.1) lib/puma/server.rb:334:in `block in run'
puma (3.12.1) lib/puma/thread_pool.rb:135:in `block in spawn_thread'
Started PUT "/api/contacts/?first_name=Bran&last_name=Bob&phone_number=6665554444&email=branflakes@gmail.com" for ::1 at 2019-07-12 22:36:29 -0500
  
ActionController::RoutingError (No route matches [PUT] "/api/contacts"):
  
actionpack (5.2.3) lib/action_dispatch/middleware/debug_exceptions.rb:65:in `call'
web-console (3.7.0) lib/web_console/middleware.rb:135:in `call_app'
web-console (3.7.0) lib/web_console/middleware.rb:30:in `block in call'
web-console (3.7.0) lib/web_console/middleware.rb:20:in `catch'
web-console (3.7.0) lib/web_console/middleware.rb:20:in `call'
actionpack (5.2.3) lib/action_dispatch/middleware/show_exceptions.rb:33:in `call'
railties (5.2.3) lib/rails/rack/logger.rb:38:in `call_app'
railties (5.2.3) lib/rails/rack/logger.rb:26:in `block in call'
activesupport (5.2.3) lib/active_support/tagged_logging.rb:71:in `block in tagged'
activesupport (5.2.3) lib/active_support/tagged_logging.rb:28:in `tagged'
activesupport (5.2.3) lib/active_support/tagged_logging.rb:71:in `tagged'
railties (5.2.3) lib/rails/rack/logger.rb:26:in `call'
sprockets-rails (3.2.1) lib/sprockets/rails/quiet_assets.rb:13:in `call'
actionpack (5.2.3) lib/action_dispatch/middleware/remote_ip.rb:81:in `call'
actionpack (5.2.3) lib/action_dispatch/middleware/request_id.rb:27:in `call'
rack (2.0.7) lib/rack/method_override.rb:22:in `call'
rack (2.0.7) lib/rack/runtime.rb:22:in `call'
activesupport (5.2.3) lib/active_support/cache/strategy/local_cache_middleware.rb:29:in `call'
actionpack (5.2.3) lib/action_dispatch/middleware/executor.rb:14:in `call'
actionpack (5.2.3) lib/action_dispatch/middleware/static.rb:127:in `call'
rack (2.0.7) lib/rack/sendfile.rb:111:in `call'
railties (5.2.3) lib/rails/engine.rb:524:in `call'
puma (3.12.1) lib/puma/configuration.rb:227:in `call'
puma (3.12.1) lib/puma/server.rb:660:in `handle_request'
puma (3.12.1) lib/puma/server.rb:474:in `process_client'
puma (3.12.1) lib/puma/server.rb:334:in `block in run'
puma (3.12.1) lib/puma/thread_pool.rb:135:in `block in spawn_thread'
Started GET "/api/contacts" for ::1 at 2019-07-12 22:38:11 -0500
Processing by Api::ContactsController#index as HTML
  Rendering api/contacts/index.json.jbuilder
  [1m[36mContact Load (1.8ms)[0m  [1m[34mSELECT "contacts".* FROM "contacts"[0m
  ↳ app/views/api/contacts/index.json.jbuilder:1
  Rendered api/contacts/index.json.jbuilder (31.1ms)
Completed 200 OK in 40ms (Views: 22.5ms | ActiveRecord: 15.1ms)


Started GET "/api/contacts/1" for ::1 at 2019-07-12 22:38:23 -0500
Processing by Api::ContactsController#show as HTML
  Parameters: {"id"=>"1"}
  [1m[36mContact Load (0.6ms)[0m  [1m[34mSELECT  "contacts".* FROM "contacts" WHERE "contacts"."id" = $1 LIMIT $2[0m  [["id", 1], ["LIMIT", 1]]
  ↳ app/controllers/api/contacts_controller.rb:19
  Rendering api/contacts/show.json.jbuilder
  Rendered api/contacts/show.json.jbuilder (0.5ms)
Completed 200 OK in 10ms (Views: 4.1ms | ActiveRecord: 1.1ms)


Started GET "/api/contacts/2" for ::1 at 2019-07-12 22:38:28 -0500
Processing by Api::ContactsController#show as HTML
  Parameters: {"id"=>"2"}
  [1m[36mContact Load (0.4ms)[0m  [1m[34mSELECT  "contacts".* FROM "contacts" WHERE "contacts"."id" = $1 LIMIT $2[0m  [["id", 2], ["LIMIT", 1]]
  ↳ app/controllers/api/contacts_controller.rb:19
  Rendering api/contacts/show.json.jbuilder
  Rendered api/contacts/show.json.jbuilder (0.5ms)
Completed 200 OK in 3ms (Views: 2.2ms | ActiveRecord: 0.4ms)


Started GET "/api/contacts" for ::1 at 2019-07-12 22:38:42 -0500
Processing by Api::ContactsController#index as HTML
  Rendering api/contacts/index.json.jbuilder
  [1m[36mContact Load (0.4ms)[0m  [1m[34mSELECT "contacts".* FROM "contacts"[0m
  ↳ app/views/api/contacts/index.json.jbuilder:1
  Rendered api/contacts/index.json.jbuilder (2.5ms)
Completed 200 OK in 5ms (Views: 4.1ms | ActiveRecord: 0.4ms)


Started PUT "/api/contacts/2" for 127.0.0.1 at 2019-07-12 23:11:18 -0500
Processing by Api::ContactsController#update as */*
  Parameters: {"first_name"=>"Bran", "id"=>"2"}
Can't verify CSRF token authenticity.
Completed 500 Internal Server Error in 2ms (ActiveRecord: 0.0ms)


  
NoMethodError (undefined method `last_name' for nil:NilClass):
  
app/controllers/api/contacts_controller.rb:25:in `update'
Started PUT "/api/contacts/2" for 127.0.0.1 at 2019-07-12 23:12:38 -0500
Processing by Api::ContactsController#update as */*
  Parameters: {"first_name"=>"Bran", "last_name"=>"Evans", "id"=>"2"}
Can't verify CSRF token authenticity.
Completed 500 Internal Server Error in 2ms (ActiveRecord: 0.0ms)


  
NoMethodError (undefined method `last_name=' for nil:NilClass):
  
app/controllers/api/contacts_controller.rb:25:in `update'
Started PUT "/api/contacts/2" for 127.0.0.1 at 2019-07-12 23:19:40 -0500
Processing by Api::ContactsController#update as */*
  Parameters: {"first_name"=>"Bran", "last_name"=>"Evans", "id"=>"2"}
Can't verify CSRF token authenticity.
  [1m[36mContact Load (0.8ms)[0m  [1m[34mSELECT  "contacts".* FROM "contacts" WHERE "contacts"."id" = $1 LIMIT $2[0m  [["id", 2], ["LIMIT", 1]]
  ↳ app/controllers/api/contacts_controller.rb:24
  Rendering api/contacts/show.json.jbuilder
  Rendered api/contacts/show.json.jbuilder (0.8ms)
Completed 200 OK in 52ms (Views: 9.1ms | ActiveRecord: 12.7ms)


Started PUT "/api/contacts/2" for 127.0.0.1 at 2019-07-12 23:23:38 -0500
Processing by Api::ContactsController#update as */*
  Parameters: {"first_name"=>"Bran", "last_name"=>"Evans", "id"=>"2"}
Can't verify CSRF token authenticity.
  [1m[36mContact Load (1.3ms)[0m  [1m[34mSELECT  "contacts".* FROM "contacts" WHERE "contacts"."id" = $1 LIMIT $2[0m  [["id", 2], ["LIMIT", 1]]
  ↳ app/controllers/api/contacts_controller.rb:24
  Rendering api/contacts/show.json.jbuilder
  Rendered api/contacts/show.json.jbuilder (0.6ms)
Completed 200 OK in 41ms (Views: 8.5ms | ActiveRecord: 8.7ms)


Started DELETE "/api/contacts/2" for 127.0.0.1 at 2019-07-12 23:30:48 -0500
Processing by Api::ContactsController#delete as */*
  Parameters: {"id"=>"2"}
Can't verify CSRF token authenticity.
  [1m[36mContact Load (1.5ms)[0m  [1m[34mSELECT  "contacts".* FROM "contacts" WHERE "contacts"."id" = $1 LIMIT $2[0m  [["id", 2], ["LIMIT", 1]]
  ↳ app/controllers/api/contacts_controller.rb:33
Completed 500 Internal Server Error in 48ms (ActiveRecord: 18.6ms)


  
NoMethodError (undefined method `destory' for #<Contact:0x00007fc6a42e6338>
Did you mean?  destroy):
  
app/controllers/api/contacts_controller.rb:34:in `delete'
Started DELETE "/api/contacts/4" for 127.0.0.1 at 2019-07-12 23:31:35 -0500
Processing by Api::ContactsController#delete as */*
  Parameters: {"id"=>"4"}
Can't verify CSRF token authenticity.
  [1m[36mContact Load (0.6ms)[0m  [1m[34mSELECT  "contacts".* FROM "contacts" WHERE "contacts"."id" = $1 LIMIT $2[0m  [["id", 4], ["LIMIT", 1]]
  ↳ app/controllers/api/contacts_controller.rb:33
  [1m[35m (0.3ms)[0m  [1m[35mBEGIN[0m
  ↳ app/controllers/api/contacts_controller.rb:34
  [1m[36mContact Destroy (0.5ms)[0m  [1m[31mDELETE FROM "contacts" WHERE "contacts"."id" = $1[0m  [["id", 4]]
  ↳ app/controllers/api/contacts_controller.rb:34
  [1m[35m (2.9ms)[0m  [1m[35mCOMMIT[0m
  ↳ app/controllers/api/contacts_controller.rb:34
Completed 200 OK in 40ms (Views: 0.3ms | ActiveRecord: 11.9ms)


Started GET "/api/contacts" for 127.0.0.1 at 2019-07-13 02:22:06 -0500
  [1m[35m (1.2ms)[0m  [1m[34mSELECT "schema_migrations"."version" FROM "schema_migrations" ORDER BY "schema_migrations"."version" ASC[0m
  ↳ /home/addison/.rvm/gems/ruby-2.6.3/gems/activerecord-5.2.3/lib/active_record/log_subscriber.rb:98
Processing by Api::ContactsController#index as */*
  Rendering api/contacts/index.json.jbuilder
  [1m[36mContact Load (1.8ms)[0m  [1m[34mSELECT "contacts".* FROM "contacts"[0m
  ↳ app/views/api/contacts/index.json.jbuilder:1
  Rendered api/contacts/index.json.jbuilder (34.3ms)
Completed 200 OK in 51ms (Views: 37.4ms | ActiveRecord: 6.6ms)


Started PUT "/api/contacts/2" for 127.0.0.1 at 2019-07-13 02:22:24 -0500
Processing by Api::ContactsController#update as */*
  Parameters: {"first_name"=>"Bran", "last_name"=>"Evans", "id"=>"2"}
Can't verify CSRF token authenticity.
  [1m[36mContact Load (0.4ms)[0m  [1m[34mSELECT  "contacts".* FROM "contacts" WHERE "contacts"."id" = $1 LIMIT $2[0m  [["id", 2], ["LIMIT", 1]]
  ↳ app/controllers/api/contacts_controller.rb:24
  Rendering api/contacts/show.json.jbuilder
  Rendered api/contacts/show.json.jbuilder (0.7ms)
Completed 200 OK in 11ms (Views: 6.4ms | ActiveRecord: 0.8ms)


Started GET "/api/contacts" for 127.0.0.1 at 2019-07-13 02:22:31 -0500
Processing by Api::ContactsController#index as */*
  Rendering api/contacts/index.json.jbuilder
  [1m[36mContact Load (0.4ms)[0m  [1m[34mSELECT "contacts".* FROM "contacts"[0m
  ↳ app/views/api/contacts/index.json.jbuilder:1
  Rendered api/contacts/index.json.jbuilder (1.8ms)
Completed 200 OK in 7ms (Views: 6.1ms | ActiveRecord: 0.4ms)


Started PUT "/api/contacts/2" for 127.0.0.1 at 2019-07-13 14:48:53 -0500
  [1m[35m (1.3ms)[0m  [1m[34mSELECT "schema_migrations"."version" FROM "schema_migrations" ORDER BY "schema_migrations"."version" ASC[0m
  ↳ /home/addison/.rvm/gems/ruby-2.6.3/gems/activerecord-5.2.3/lib/active_record/log_subscriber.rb:98
Processing by Api::ContactsController#update as */*
  Parameters: {"first_name"=>"Bran", "last_name"=>"Evans", "id"=>"2"}
Can't verify CSRF token authenticity.
  [1m[36mContact Load (1.3ms)[0m  [1m[34mSELECT  "contacts".* FROM "contacts" WHERE "contacts"."id" = $1 LIMIT $2[0m  [["id", 2], ["LIMIT", 1]]
  ↳ app/controllers/api/contacts_controller.rb:24
  [1m[35m (0.4ms)[0m  [1m[35mBEGIN[0m
  ↳ app/controllers/api/contacts_controller.rb:29
  [1m[36mContact Update (0.6ms)[0m  [1m[33mUPDATE "contacts" SET "first_name" = $1, "last_name" = $2, "updated_at" = $3 WHERE "contacts"."id" = $4[0m  [["first_name", "Bran"], ["last_name", "Evans"], ["updated_at", "2019-07-13 19:48:53.833844"], ["id", 2]]
  ↳ app/controllers/api/contacts_controller.rb:29
  [1m[35m (1.5ms)[0m  [1m[35mCOMMIT[0m
  ↳ app/controllers/api/contacts_controller.rb:29
  Rendering api/contacts/show.json.jbuilder
  Rendered api/contacts/show.json.jbuilder (0.6ms)
Completed 200 OK in 38ms (Views: 8.3ms | ActiveRecord: 11.7ms)


Started GET "/api/contacts" for 127.0.0.1 at 2019-07-13 14:48:57 -0500
Processing by Api::ContactsController#index as */*
  Rendering api/contacts/index.json.jbuilder
  [1m[36mContact Load (0.4ms)[0m  [1m[34mSELECT "contacts".* FROM "contacts"[0m
  ↳ app/views/api/contacts/index.json.jbuilder:1
  Rendered api/contacts/index.json.jbuilder (1.8ms)
Completed 200 OK in 10ms (Views: 9.6ms | ActiveRecord: 0.4ms)


  [1m[35m (0.3ms)[0m  [1m[34mSELECT pg_try_advisory_lock(1932727433298065775)[0m
  ↳ /home/addison/.rvm/rubies/ruby-2.6.3/lib/ruby/gems/2.6.0/gems/rake-12.3.2/lib/rake/task.rb:273
  [1m[35m (0.9ms)[0m  [1m[34mSELECT "schema_migrations"."version" FROM "schema_migrations" ORDER BY "schema_migrations"."version" ASC[0m
  ↳ /home/addison/.rvm/rubies/ruby-2.6.3/lib/ruby/gems/2.6.0/gems/rake-12.3.2/lib/rake/task.rb:273
Migrating to CreateUsers (20190730005405)
  [1m[35m (0.2ms)[0m  [1m[35mBEGIN[0m
  ↳ /home/addison/.rvm/rubies/ruby-2.6.3/lib/ruby/gems/2.6.0/gems/rake-12.3.2/lib/rake/task.rb:273
  [1m[35m (22.4ms)[0m  [1m[35mCREATE TABLE "users" ("id" bigserial primary key, "name" character varying, "email" character varying, "password_digest" character varying, "created_at" timestamp NOT NULL, "updated_at" timestamp NOT NULL)[0m
  ↳ db/migrate/20190730005405_create_users.rb:3
  [1m[36mActiveRecord::SchemaMigration Create (0.3ms)[0m  [1m[32mINSERT INTO "schema_migrations" ("version") VALUES ($1) RETURNING "version"[0m  [["version", "20190730005405"]]
  ↳ /home/addison/.rvm/rubies/ruby-2.6.3/lib/ruby/gems/2.6.0/gems/rake-12.3.2/lib/rake/task.rb:273
  [1m[35m (2.9ms)[0m  [1m[35mCOMMIT[0m
  ↳ /home/addison/.rvm/rubies/ruby-2.6.3/lib/ruby/gems/2.6.0/gems/rake-12.3.2/lib/rake/task.rb:273
  [1m[36mActiveRecord::InternalMetadata Load (1.3ms)[0m  [1m[34mSELECT  "ar_internal_metadata".* FROM "ar_internal_metadata" WHERE "ar_internal_metadata"."key" = $1 LIMIT $2[0m  [["key", "environment"], ["LIMIT", 1]]
  ↳ /home/addison/.rvm/rubies/ruby-2.6.3/lib/ruby/gems/2.6.0/gems/rake-12.3.2/lib/rake/task.rb:273
  [1m[35m (0.2ms)[0m  [1m[35mBEGIN[0m
  ↳ /home/addison/.rvm/rubies/ruby-2.6.3/lib/ruby/gems/2.6.0/gems/rake-12.3.2/lib/rake/task.rb:273
  [1m[35m (0.2ms)[0m  [1m[35mCOMMIT[0m
  ↳ /home/addison/.rvm/rubies/ruby-2.6.3/lib/ruby/gems/2.6.0/gems/rake-12.3.2/lib/rake/task.rb:273
  [1m[35m (0.3ms)[0m  [1m[34mSELECT pg_advisory_unlock(1932727433298065775)[0m
  ↳ /home/addison/.rvm/rubies/ruby-2.6.3/lib/ruby/gems/2.6.0/gems/rake-12.3.2/lib/rake/task.rb:273
  [1m[35m (0.3ms)[0m  [1m[34mSELECT "schema_migrations"."version" FROM "schema_migrations" ORDER BY "schema_migrations"."version" ASC[0m
  ↳ /home/addison/.rvm/rubies/ruby-2.6.3/lib/ruby/gems/2.6.0/gems/rake-12.3.2/lib/rake/task.rb:273
Started GET "/api/users" for 127.0.0.1 at 2019-07-29 20:02:59 -0500
  [1m[35m (0.9ms)[0m  [1m[34mSELECT "schema_migrations"."version" FROM "schema_migrations" ORDER BY "schema_migrations"."version" ASC[0m
  ↳ /home/addison/.rvm/gems/ruby-2.6.3/gems/activerecord-5.2.3/lib/active_record/log_subscriber.rb:98
  
ActionController::RoutingError (No route matches [GET] "/api/users"):
  
actionpack (5.2.3) lib/action_dispatch/middleware/debug_exceptions.rb:65:in `call'
web-console (3.7.0) lib/web_console/middleware.rb:135:in `call_app'
web-console (3.7.0) lib/web_console/middleware.rb:30:in `block in call'
web-console (3.7.0) lib/web_console/middleware.rb:20:in `catch'
web-console (3.7.0) lib/web_console/middleware.rb:20:in `call'
actionpack (5.2.3) lib/action_dispatch/middleware/show_exceptions.rb:33:in `call'
railties (5.2.3) lib/rails/rack/logger.rb:38:in `call_app'
railties (5.2.3) lib/rails/rack/logger.rb:26:in `block in call'
activesupport (5.2.3) lib/active_support/tagged_logging.rb:71:in `block in tagged'
activesupport (5.2.3) lib/active_support/tagged_logging.rb:28:in `tagged'
activesupport (5.2.3) lib/active_support/tagged_logging.rb:71:in `tagged'
railties (5.2.3) lib/rails/rack/logger.rb:26:in `call'
sprockets-rails (3.2.1) lib/sprockets/rails/quiet_assets.rb:13:in `call'
actionpack (5.2.3) lib/action_dispatch/middleware/remote_ip.rb:81:in `call'
actionpack (5.2.3) lib/action_dispatch/middleware/request_id.rb:27:in `call'
rack (2.0.7) lib/rack/method_override.rb:22:in `call'
rack (2.0.7) lib/rack/runtime.rb:22:in `call'
activesupport (5.2.3) lib/active_support/cache/strategy/local_cache_middleware.rb:29:in `call'
actionpack (5.2.3) lib/action_dispatch/middleware/executor.rb:14:in `call'
actionpack (5.2.3) lib/action_dispatch/middleware/static.rb:127:in `call'
rack (2.0.7) lib/rack/sendfile.rb:111:in `call'
railties (5.2.3) lib/rails/engine.rb:524:in `call'
puma (3.12.1) lib/puma/configuration.rb:227:in `call'
puma (3.12.1) lib/puma/server.rb:660:in `handle_request'
puma (3.12.1) lib/puma/server.rb:474:in `process_client'
puma (3.12.1) lib/puma/server.rb:334:in `block in run'
puma (3.12.1) lib/puma/thread_pool.rb:135:in `block in spawn_thread'
Started POST "/api/users" for 127.0.0.1 at 2019-07-29 20:03:18 -0500
  
ActionController::RoutingError (No route matches [POST] "/api/users"):
  
actionpack (5.2.3) lib/action_dispatch/middleware/debug_exceptions.rb:65:in `call'
web-console (3.7.0) lib/web_console/middleware.rb:135:in `call_app'
web-console (3.7.0) lib/web_console/middleware.rb:30:in `block in call'
web-console (3.7.0) lib/web_console/middleware.rb:20:in `catch'
web-console (3.7.0) lib/web_console/middleware.rb:20:in `call'
actionpack (5.2.3) lib/action_dispatch/middleware/show_exceptions.rb:33:in `call'
railties (5.2.3) lib/rails/rack/logger.rb:38:in `call_app'
railties (5.2.3) lib/rails/rack/logger.rb:26:in `block in call'
activesupport (5.2.3) lib/active_support/tagged_logging.rb:71:in `block in tagged'
activesupport (5.2.3) lib/active_support/tagged_logging.rb:28:in `tagged'
activesupport (5.2.3) lib/active_support/tagged_logging.rb:71:in `tagged'
railties (5.2.3) lib/rails/rack/logger.rb:26:in `call'
sprockets-rails (3.2.1) lib/sprockets/rails/quiet_assets.rb:13:in `call'
actionpack (5.2.3) lib/action_dispatch/middleware/remote_ip.rb:81:in `call'
actionpack (5.2.3) lib/action_dispatch/middleware/request_id.rb:27:in `call'
rack (2.0.7) lib/rack/method_override.rb:22:in `call'
rack (2.0.7) lib/rack/runtime.rb:22:in `call'
activesupport (5.2.3) lib/active_support/cache/strategy/local_cache_middleware.rb:29:in `call'
actionpack (5.2.3) lib/action_dispatch/middleware/executor.rb:14:in `call'
actionpack (5.2.3) lib/action_dispatch/middleware/static.rb:127:in `call'
rack (2.0.7) lib/rack/sendfile.rb:111:in `call'
railties (5.2.3) lib/rails/engine.rb:524:in `call'
puma (3.12.1) lib/puma/configuration.rb:227:in `call'
puma (3.12.1) lib/puma/server.rb:660:in `handle_request'
puma (3.12.1) lib/puma/server.rb:474:in `process_client'
puma (3.12.1) lib/puma/server.rb:334:in `block in run'
puma (3.12.1) lib/puma/thread_pool.rb:135:in `block in spawn_thread'
Started POST "/api/users" for 127.0.0.1 at 2019-07-29 20:04:02 -0500
Processing by Api::UsersController#create as */*
  Parameters: {"name"=>"John", "email"=>"john@admin.com", "password"=>"[FILTERED]", "password_confirmation"=>"[FILTERED]"}
Can't verify CSRF token authenticity.
  [1m[35m (0.4ms)[0m  [1m[35mBEGIN[0m
  ↳ app/controllers/api/users_controller.rb:11
  [1m[36mUser Exists (0.6ms)[0m  [1m[34mSELECT  1 AS one FROM "users" WHERE "users"."email" = $1 LIMIT $2[0m  [["email", "john@admin.com"], ["LIMIT", 1]]
  ↳ app/controllers/api/users_controller.rb:11
  [1m[36mUser Create (0.4ms)[0m  [1m[32mINSERT INTO "users" ("name", "email", "password_digest", "created_at", "updated_at") VALUES ($1, $2, $3, $4, $5) RETURNING "id"[0m  [["name", "John"], ["email", "john@admin.com"], ["password_digest", "$2a$12$udyQj8at7VNmnOxGxkmMZeliz7VrGsRbZE8DpUsF0W2cMct3dpTGW"], ["created_at", "2019-07-30 01:04:03.116172"], ["updated_at", "2019-07-30 01:04:03.116172"]]
  ↳ app/controllers/api/users_controller.rb:11
  [1m[35m (5.5ms)[0m  [1m[35mCOMMIT[0m
  ↳ app/controllers/api/users_controller.rb:11
Completed 201 Created in 337ms (Views: 0.7ms | ActiveRecord: 18.0ms)


Started POST "/api/users" for 127.0.0.1 at 2019-07-29 20:04:32 -0500
Processing by Api::UsersController#create as */*
  Parameters: {"name"=>"Adam", "email"=>"adam@employee.com", "password"=>"[FILTERED]", "password_confirmation"=>"[FILTERED]"}
Can't verify CSRF token authenticity.
Started POST "/api/users" for 127.0.0.1 at 2019-07-29 20:04:32 -0500
  [1m[35m (0.2ms)[0m  [1m[35mBEGIN[0m
  ↳ app/controllers/api/users_controller.rb:11
  [1m[36mUser Exists (0.3ms)[0m  [1m[34mSELECT  1 AS one FROM "users" WHERE "users"."email" = $1 LIMIT $2[0m  [["email", "adam@employee.com"], ["LIMIT", 1]]
  ↳ app/controllers/api/users_controller.rb:11
  [1m[36mUser Create (0.4ms)[0m  [1m[32mINSERT INTO "users" ("name", "email", "password_digest", "created_at", "updated_at") VALUES ($1, $2, $3, $4, $5) RETURNING "id"[0m  [["name", "Adam"], ["email", "adam@employee.com"], ["password_digest", "$2a$12$6xNasv0KYbgP3ZmJYsKLn.itiYHS2iA7YbKNrNwpNQLfyYX8v2sle"], ["created_at", "2019-07-30 01:04:32.809845"], ["updated_at", "2019-07-30 01:04:32.809845"]]
  ↳ app/controllers/api/users_controller.rb:11
  [1m[35m (1.3ms)[0m  [1m[35mCOMMIT[0m
  ↳ app/controllers/api/users_controller.rb:11
Completed 201 Created in 295ms (Views: 0.2ms | ActiveRecord: 2.2ms)


Processing by Api::UsersController#create as */*
  Parameters: {"name"=>"Adam", "email"=>"adam@employee.com", "password"=>"[FILTERED]", "password_confirmation"=>"[FILTERED]"}
Can't verify CSRF token authenticity.
  [1m[35m (0.3ms)[0m  [1m[35mBEGIN[0m
  ↳ app/controllers/api/users_controller.rb:11
  [1m[36mUser Exists (0.8ms)[0m  [1m[34mSELECT  1 AS one FROM "users" WHERE "users"."email" = $1 LIMIT $2[0m  [["email", "adam@employee.com"], ["LIMIT", 1]]
  ↳ app/controllers/api/users_controller.rb:11
  [1m[35m (1.3ms)[0m  [1m[31mROLLBACK[0m
  ↳ app/controllers/api/users_controller.rb:11
Completed 400 Bad Request in 286ms (Views: 0.2ms | ActiveRecord: 2.4ms)


  [1m[36mUser Load (0.2ms)[0m  [1m[34mSELECT  "users".* FROM "users" LIMIT $1[0m  [["LIMIT", 11]]
Started POST "/api/sessions" for 127.0.0.1 at 2019-07-29 20:11:57 -0500
  [1m[35m (0.9ms)[0m  [1m[34mSELECT "schema_migrations"."version" FROM "schema_migrations" ORDER BY "schema_migrations"."version" ASC[0m
  ↳ /home/addison/.rvm/gems/ruby-2.6.3/gems/activerecord-5.2.3/lib/active_record/log_subscriber.rb:98
Processing by Api::SessionsController#create as */*
  Parameters: {"email"=>"adam@employee.com", "password"=>"[FILTERED]"}
Can't verify CSRF token authenticity.
  [1m[36mUser Load (1.1ms)[0m  [1m[34mSELECT  "users".* FROM "users" WHERE "users"."email" = $1 LIMIT $2[0m  [["email", "adam@employee.com"], ["LIMIT", 1]]
  ↳ app/controllers/api/sessions_controller.rb:4
Completed 201 Created in 336ms (Views: 0.4ms | ActiveRecord: 9.3ms)


  [1m[35m (1.1ms)[0m  [1m[34mSELECT pg_try_advisory_lock(1932727433298065775)[0m
  ↳ /home/addison/.rvm/rubies/ruby-2.6.3/lib/ruby/gems/2.6.0/gems/rake-12.3.2/lib/rake/task.rb:273
  [1m[35m (1.3ms)[0m  [1m[34mSELECT "schema_migrations"."version" FROM "schema_migrations" ORDER BY "schema_migrations"."version" ASC[0m
  ↳ /home/addison/.rvm/rubies/ruby-2.6.3/lib/ruby/gems/2.6.0/gems/rake-12.3.2/lib/rake/task.rb:273
Migrating to AddUserIdColumnToContactsTable (20190730011956)
  [1m[35m (0.2ms)[0m  [1m[35mBEGIN[0m
  ↳ /home/addison/.rvm/rubies/ruby-2.6.3/lib/ruby/gems/2.6.0/gems/rake-12.3.2/lib/rake/task.rb:273
  [1m[35m (1.4ms)[0m  [1m[35mALTER TABLE "contacts" ADD "user_id" integer[0m
  ↳ db/migrate/20190730011956_add_user_id_column_to_contacts_table.rb:3
  [1m[36mActiveRecord::SchemaMigration Create (1.3ms)[0m  [1m[32mINSERT INTO "schema_migrations" ("version") VALUES ($1) RETURNING "version"[0m  [["version", "20190730011956"]]
  ↳ /home/addison/.rvm/rubies/ruby-2.6.3/lib/ruby/gems/2.6.0/gems/rake-12.3.2/lib/rake/task.rb:273
  [1m[35m (2.4ms)[0m  [1m[35mCOMMIT[0m
  ↳ /home/addison/.rvm/rubies/ruby-2.6.3/lib/ruby/gems/2.6.0/gems/rake-12.3.2/lib/rake/task.rb:273
  [1m[36mActiveRecord::InternalMetadata Load (0.4ms)[0m  [1m[34mSELECT  "ar_internal_metadata".* FROM "ar_internal_metadata" WHERE "ar_internal_metadata"."key" = $1 LIMIT $2[0m  [["key", "environment"], ["LIMIT", 1]]
  ↳ /home/addison/.rvm/rubies/ruby-2.6.3/lib/ruby/gems/2.6.0/gems/rake-12.3.2/lib/rake/task.rb:273
  [1m[35m (0.4ms)[0m  [1m[35mBEGIN[0m
  ↳ /home/addison/.rvm/rubies/ruby-2.6.3/lib/ruby/gems/2.6.0/gems/rake-12.3.2/lib/rake/task.rb:273
  [1m[35m (0.3ms)[0m  [1m[35mCOMMIT[0m
  ↳ /home/addison/.rvm/rubies/ruby-2.6.3/lib/ruby/gems/2.6.0/gems/rake-12.3.2/lib/rake/task.rb:273
  [1m[35m (0.2ms)[0m  [1m[34mSELECT pg_advisory_unlock(1932727433298065775)[0m
  ↳ /home/addison/.rvm/rubies/ruby-2.6.3/lib/ruby/gems/2.6.0/gems/rake-12.3.2/lib/rake/task.rb:273
  [1m[35m (0.3ms)[0m  [1m[34mSELECT "schema_migrations"."version" FROM "schema_migrations" ORDER BY "schema_migrations"."version" ASC[0m
  ↳ /home/addison/.rvm/rubies/ruby-2.6.3/lib/ruby/gems/2.6.0/gems/rake-12.3.2/lib/rake/task.rb:273
  [1m[36mContact Load (1.0ms)[0m  [1m[34mSELECT  "contacts".* FROM "contacts" ORDER BY "contacts"."id" ASC LIMIT $1[0m  [["LIMIT", 1]]
  [1m[35m (0.7ms)[0m  [1m[35mBEGIN[0m
  [1m[36mUser Load (0.3ms)[0m  [1m[34mSELECT  "users".* FROM "users" WHERE "users"."id" = $1 LIMIT $2[0m  [["id", 1], ["LIMIT", 1]]
  [1m[36mContact Update (0.4ms)[0m  [1m[33mUPDATE "contacts" SET "updated_at" = $1, "user_id" = $2 WHERE "contacts"."id" = $3[0m  [["updated_at", "2019-07-30 01:24:36.741709"], ["user_id", 1], ["id", 1]]
  [1m[35m (1.5ms)[0m  [1m[35mCOMMIT[0m
  [1m[36mContact Load (1.0ms)[0m  [1m[34mSELECT  "contacts".* FROM "contacts" LIMIT $1[0m  [["LIMIT", 11]]
  [1m[35m (2.9ms)[0m  [1m[34mSELECT COUNT(*) FROM "contacts"[0m
  [1m[36mContact Load (1.1ms)[0m  [1m[34mSELECT  "contacts".* FROM "contacts" ORDER BY "contacts"."id" ASC LIMIT $1 OFFSET $2[0m  [["LIMIT", 1], ["OFFSET", 1]]
  [1m[35m (0.7ms)[0m  [1m[35mBEGIN[0m
  [1m[36mUser Load (1.3ms)[0m  [1m[34mSELECT  "users".* FROM "users" WHERE "users"."id" = $1 LIMIT $2[0m  [["id", 1], ["LIMIT", 1]]
  [1m[36mContact Update (1.5ms)[0m  [1m[33mUPDATE "contacts" SET "updated_at" = $1, "user_id" = $2 WHERE "contacts"."id" = $3[0m  [["updated_at", "2019-07-30 01:25:44.501795"], ["user_id", 1], ["id", 2]]
  [1m[35m (5.8ms)[0m  [1m[35mCOMMIT[0m
  [1m[36mContact Load (1.1ms)[0m  [1m[34mSELECT  "contacts".* FROM "contacts" ORDER BY "contacts"."id" DESC LIMIT $1[0m  [["LIMIT", 1]]
  [1m[35m (0.7ms)[0m  [1m[35mBEGIN[0m
  [1m[36mUser Load (1.1ms)[0m  [1m[34mSELECT  "users".* FROM "users" WHERE "users"."id" = $1 LIMIT $2[0m  [["id", 2], ["LIMIT", 1]]
  [1m[36mContact Update (1.3ms)[0m  [1m[33mUPDATE "contacts" SET "updated_at" = $1, "user_id" = $2 WHERE "contacts"."id" = $3[0m  [["updated_at", "2019-07-30 01:26:14.261106"], ["user_id", 2], ["id", 3]]
  [1m[35m (5.7ms)[0m  [1m[35mCOMMIT[0m
  [1m[36mContact Load (1.2ms)[0m  [1m[34mSELECT  "contacts".* FROM "contacts" LIMIT $1[0m  [["LIMIT", 11]]
Started GET "/api/contacts" for 127.0.0.1 at 2019-07-29 20:29:25 -0500
  [1m[35m (1.4ms)[0m  [1m[34mSELECT "schema_migrations"."version" FROM "schema_migrations" ORDER BY "schema_migrations"."version" ASC[0m
  ↳ /home/addison/.rvm/gems/ruby-2.6.3/gems/activerecord-5.2.3/lib/active_record/log_subscriber.rb:98
Processing by Api::ContactsController#index as */*
  [1m[36mUser Load (0.6ms)[0m  [1m[34mSELECT  "users".* FROM "users" WHERE "users"."id" = $1 LIMIT $2[0m  [["id", 2], ["LIMIT", 1]]
  ↳ app/controllers/application_controller.rb:15
  [1m[36mCACHE User Load (0.1ms)[0m  [1m[34mSELECT  "users".* FROM "users" WHERE "users"."id" = $1 LIMIT $2[0m  [["id", 2], ["LIMIT", 1]]
  ↳ app/controllers/application_controller.rb:15
Completed 500 Internal Server Error in 38ms (ActiveRecord: 10.4ms)


  
NoMethodError (undefined method `all' for #<User:0x00007feabc249768>):
  
app/controllers/api/contacts_controller.rb:5:in `index'
Started GET "/api/contacts" for 127.0.0.1 at 2019-07-29 20:31:00 -0500
Processing by Api::ContactsController#index as */*
  [1m[36mUser Load (0.4ms)[0m  [1m[34mSELECT  "users".* FROM "users" WHERE "users"."id" = $1 LIMIT $2[0m  [["id", 2], ["LIMIT", 1]]
  ↳ app/controllers/application_controller.rb:15
  [1m[36mCACHE User Load (0.1ms)[0m  [1m[34mSELECT  "users".* FROM "users" WHERE "users"."id" = $1 LIMIT $2[0m  [["id", 2], ["LIMIT", 1]]
  ↳ app/controllers/application_controller.rb:15
  Rendering api/contacts/index.json.jbuilder
  [1m[36mContact Load (0.4ms)[0m  [1m[34mSELECT "contacts".* FROM "contacts" WHERE "contacts"."user_id" = $1[0m  [["user_id", 2]]
  ↳ app/views/api/contacts/index.json.jbuilder:1
  Rendered api/contacts/index.json.jbuilder (24.6ms)
Completed 200 OK in 78ms (Views: 30.2ms | ActiveRecord: 10.2ms)


Started POST "/api/sessions" for 127.0.0.1 at 2019-07-29 20:31:27 -0500
Processing by Api::SessionsController#create as */*
  Parameters: {"email"=>"john@admin.com", "password"=>"[FILTERED]"}
Can't verify CSRF token authenticity.
  [1m[36mUser Load (0.4ms)[0m  [1m[34mSELECT  "users".* FROM "users" WHERE "users"."email" = $1 LIMIT $2[0m  [["email", "john@admin.com"], ["LIMIT", 1]]
  ↳ app/controllers/api/sessions_controller.rb:4
Completed 201 Created in 288ms (Views: 0.2ms | ActiveRecord: 0.4ms)


Started GET "/api/contacts" for 127.0.0.1 at 2019-07-29 20:31:47 -0500
Processing by Api::ContactsController#index as */*
  [1m[36mUser Load (1.0ms)[0m  [1m[34mSELECT  "users".* FROM "users" WHERE "users"."id" = $1 LIMIT $2[0m  [["id", 1], ["LIMIT", 1]]
  ↳ app/controllers/application_controller.rb:15
  [1m[36mCACHE User Load (0.0ms)[0m  [1m[34mSELECT  "users".* FROM "users" WHERE "users"."id" = $1 LIMIT $2[0m  [["id", 1], ["LIMIT", 1]]
  ↳ app/controllers/application_controller.rb:15
  Rendering api/contacts/index.json.jbuilder
  [1m[36mContact Load (1.1ms)[0m  [1m[34mSELECT "contacts".* FROM "contacts" WHERE "contacts"."user_id" = $1[0m  [["user_id", 1]]
  ↳ app/views/api/contacts/index.json.jbuilder:1
  Rendered api/contacts/index.json.jbuilder (6.3ms)
Completed 200 OK in 23ms (Views: 16.6ms | ActiveRecord: 2.2ms)


Started POST "/api/contacts" for 127.0.0.1 at 2019-07-29 20:37:38 -0500
Processing by Api::ContactsController#create as */*
  Parameters: {"first_name"=>"Alex", "last_name"=>"Wilker", "phone_number"=>"646373638", "email"=>"a_lex@gmail.com"}
Can't verify CSRF token authenticity.
  [1m[36mUser Load (1.1ms)[0m  [1m[34mSELECT  "users".* FROM "users" WHERE "users"."id" = $1 LIMIT $2[0m  [["id", 1], ["LIMIT", 1]]
  ↳ app/controllers/application_controller.rb:15
  [1m[35m (0.2ms)[0m  [1m[35mBEGIN[0m
  ↳ app/controllers/api/contacts_controller.rb:13
  [1m[36mCACHE User Load (0.0ms)[0m  [1m[34mSELECT  "users".* FROM "users" WHERE "users"."id" = $1 LIMIT $2[0m  [["id", 1], ["LIMIT", 1]]
  ↳ app/controllers/api/contacts_controller.rb:13
  [1m[36mContact Create (0.9ms)[0m  [1m[32mINSERT INTO "contacts" ("first_name", "last_name", "phone_number", "email", "created_at", "updated_at", "user_id") VALUES ($1, $2, $3, $4, $5, $6, $7) RETURNING "id"[0m  [["first_name", "Alex"], ["last_name", "Wilker"], ["phone_number", 646373638], ["email", "a_lex@gmail.com"], ["created_at", "2019-07-30 01:37:38.791223"], ["updated_at", "2019-07-30 01:37:38.791223"], ["user_id", 1]]
  ↳ app/controllers/api/contacts_controller.rb:13
  [1m[35m (1.4ms)[0m  [1m[35mCOMMIT[0m
  ↳ app/controllers/api/contacts_controller.rb:13
  Rendering api/contacts/show.json.jbuilder
  Rendered api/contacts/show.json.jbuilder (0.6ms)
Completed 200 OK in 53ms (Views: 8.5ms | ActiveRecord: 14.9ms)


Started GET "/api/products" for 127.0.0.1 at 2019-08-12 21:27:51 -0500
  [1m[35m (5.9ms)[0m  [1m[34mSELECT "schema_migrations"."version" FROM "schema_migrations" ORDER BY "schema_migrations"."version" ASC[0m
  ↳ /home/addison/.rvm/gems/ruby-2.6.3/gems/activerecord-5.2.3/lib/active_record/log_subscriber.rb:98
  
ActionController::RoutingError (No route matches [GET] "/api/products"):
  
actionpack (5.2.3) lib/action_dispatch/middleware/debug_exceptions.rb:65:in `call'
web-console (3.7.0) lib/web_console/middleware.rb:135:in `call_app'
web-console (3.7.0) lib/web_console/middleware.rb:30:in `block in call'
web-console (3.7.0) lib/web_console/middleware.rb:20:in `catch'
web-console (3.7.0) lib/web_console/middleware.rb:20:in `call'
actionpack (5.2.3) lib/action_dispatch/middleware/show_exceptions.rb:33:in `call'
railties (5.2.3) lib/rails/rack/logger.rb:38:in `call_app'
railties (5.2.3) lib/rails/rack/logger.rb:26:in `block in call'
activesupport (5.2.3) lib/active_support/tagged_logging.rb:71:in `block in tagged'
activesupport (5.2.3) lib/active_support/tagged_logging.rb:28:in `tagged'
activesupport (5.2.3) lib/active_support/tagged_logging.rb:71:in `tagged'
railties (5.2.3) lib/rails/rack/logger.rb:26:in `call'
sprockets-rails (3.2.1) lib/sprockets/rails/quiet_assets.rb:13:in `call'
actionpack (5.2.3) lib/action_dispatch/middleware/remote_ip.rb:81:in `call'
actionpack (5.2.3) lib/action_dispatch/middleware/request_id.rb:27:in `call'
rack (2.0.7) lib/rack/method_override.rb:22:in `call'
rack (2.0.7) lib/rack/runtime.rb:22:in `call'
activesupport (5.2.3) lib/active_support/cache/strategy/local_cache_middleware.rb:29:in `call'
actionpack (5.2.3) lib/action_dispatch/middleware/executor.rb:14:in `call'
actionpack (5.2.3) lib/action_dispatch/middleware/static.rb:127:in `call'
rack (2.0.7) lib/rack/sendfile.rb:111:in `call'
railties (5.2.3) lib/rails/engine.rb:524:in `call'
puma (3.12.1) lib/puma/configuration.rb:227:in `call'
puma (3.12.1) lib/puma/server.rb:660:in `handle_request'
puma (3.12.1) lib/puma/server.rb:474:in `process_client'
puma (3.12.1) lib/puma/server.rb:334:in `block in run'
puma (3.12.1) lib/puma/thread_pool.rb:135:in `block in spawn_thread'
Started GET "/api/contacts" for 127.0.0.1 at 2019-08-12 21:28:07 -0500
Processing by Api::ContactsController#index as */*
Completed 500 Internal Server Error in 9ms (ActiveRecord: 0.0ms)


  
NoMethodError (undefined method `contacts' for nil:NilClass):
  
app/controllers/api/contacts_controller.rb:4:in `index'
Started GET "/api/contacts" for 127.0.0.1 at 2019-08-12 21:29:08 -0500
Processing by Api::ContactsController#index as */*
  Rendering api/contacts/index.json.jbuilder
  [1m[36mContact Load (4.9ms)[0m  [1m[34mSELECT "contacts".* FROM "contacts"[0m
  ↳ app/views/api/contacts/index.json.jbuilder:1
  Rendered api/contacts/index.json.jbuilder (48.4ms)
Completed 200 OK in 77ms (Views: 50.0ms | ActiveRecord: 13.5ms)


